Using pre-set license
Built from '2021.3/staging' branch; Version is '2021.3.4f1 (cb45f9cae8b7) revision 13321721'; Using compiler version '192829333'; Build Type 'Release'
OS: 'Windows 10  (10.0.19044) 64bit Professional' Language: 'pt' Physical Memory: 5581 MB
BatchMode: 1, IsHumanControllingUs: 0, StartBugReporterOnCrash: 0, Is64bit: 1, IsPro: 1

COMMAND LINE ARGUMENTS:
C:\GG\Unity 2021.3.3f1\2021.3.4f1\Editor\Unity.exe
-adb2
-batchMode
-noUpm
-name
AssetImportWorker2
-projectPath
C:/Users/Rubens & Familía/Documents/GitHub/NatureAndSurvive
-logFile
Logs/AssetImportWorker2.log
-srvPort
56382
Successfully changed project path to: C:/Users/Rubens & Familía/Documents/GitHub/NatureAndSurvive
C:/Users/Rubens & Familía/Documents/GitHub/NatureAndSurvive
[UnityMemory] Configuration Parameters - Can be set up in boot.config
    "memorysetup-bucket-allocator-granularity=16"
    "memorysetup-bucket-allocator-bucket-count=8"
    "memorysetup-bucket-allocator-block-size=33554432"
    "memorysetup-bucket-allocator-block-count=8"
    "memorysetup-main-allocator-block-size=16777216"
    "memorysetup-thread-allocator-block-size=16777216"
    "memorysetup-gfx-main-allocator-block-size=16777216"
    "memorysetup-gfx-thread-allocator-block-size=16777216"
    "memorysetup-cache-allocator-block-size=4194304"
    "memorysetup-typetree-allocator-block-size=2097152"
    "memorysetup-profiler-bucket-allocator-granularity=16"
    "memorysetup-profiler-bucket-allocator-bucket-count=8"
    "memorysetup-profiler-bucket-allocator-block-size=33554432"
    "memorysetup-profiler-bucket-allocator-block-count=8"
    "memorysetup-profiler-allocator-block-size=16777216"
    "memorysetup-profiler-editor-allocator-block-size=1048576"
    "memorysetup-temp-allocator-size-main=16777216"
    "memorysetup-job-temp-allocator-block-size=2097152"
    "memorysetup-job-temp-allocator-block-size-background=1048576"
    "memorysetup-job-temp-allocator-reduction-small-platforms=262144"
    "memorysetup-temp-allocator-size-background-worker=32768"
    "memorysetup-temp-allocator-size-job-worker=262144"
    "memorysetup-temp-allocator-size-preload-manager=33554432"
    "memorysetup-temp-allocator-size-nav-mesh-worker=65536"
    "memorysetup-temp-allocator-size-audio-worker=65536"
    "memorysetup-temp-allocator-size-cloud-worker=32768"
    "memorysetup-temp-allocator-size-gi-baking-worker=262144"
    "memorysetup-temp-allocator-size-gfx=262144"
Refreshing native plugins compatible for Editor in 202.14 ms, found 3 plugins.
Preloading 0 native plugins for Editor in 0.00 ms.
Initialize engine version: 2021.3.4f1 (cb45f9cae8b7)
[Subsystems] Discovering subsystems at path C:/GG/Unity 2021.3.3f1/2021.3.4f1/Editor/Data/Resources/UnitySubsystems
[Subsystems] Discovering subsystems at path C:/Users/Rubens & Familía/Documents/GitHub/NatureAndSurvive/Assets
GfxDevice: creating device client; threaded=0; jobified=0
Direct3D:
    Version:  Direct3D 11.0 [level 10.1]
    Renderer: Intel(R) HD Graphics (ID=0x102)
    Vendor:   Intel
    VRAM:     512 MB
    Driver:   9.17.10.4459
Initialize mono
Mono path[0] = 'C:/GG/Unity 2021.3.3f1/2021.3.4f1/Editor/Data/Managed'
Mono path[1] = 'C:/GG/Unity 2021.3.3f1/2021.3.4f1/Editor/Data/MonoBleedingEdge/lib/mono/unityjit-win32'
Mono config path = 'C:/GG/Unity 2021.3.3f1/2021.3.4f1/Editor/Data/MonoBleedingEdge/etc'
Using monoOptions --debugger-agent=transport=dt_socket,embedding=1,server=y,suspend=n,address=127.0.0.1:56036
Begin MonoManager ReloadAssembly
Registering precompiled unity dll's ...
Register platform support module: C:/GG/Unity 2021.3.3f1/2021.3.4f1/Editor/Data/PlaybackEngines/WindowsStandaloneSupport/UnityEditor.WindowsStandalone.Extensions.dll
Registered in 0.015238 seconds.
Native extension for WindowsStandalone target not found
Refreshing native plugins compatible for Editor in 190.27 ms, found 3 plugins.
Preloading 0 native plugins for Editor in 0.00 ms.
Mono: successfully reloaded assembly
- Completed reload, in  1.212 seconds
Domain Reload Profiling:
	ReloadAssembly (1213ms)
		BeginReloadAssembly (153ms)
			ExecutionOrderSort (0ms)
			DisableScriptedObjects (0ms)
			BackupInstance (0ms)
			ReleaseScriptingObjects (0ms)
			CreateAndSetChildDomain (2ms)
		EndReloadAssembly (851ms)
			LoadAssemblies (147ms)
			RebuildTransferFunctionScriptingTraits (0ms)
			SetupTypeCache (175ms)
			ReleaseScriptCaches (0ms)
			RebuildScriptCaches (53ms)
			SetupLoadedEditorAssemblies (531ms)
				LogAssemblyErrors (0ms)
				InitializePlatformSupportModulesInManaged (17ms)
				SetLoadedEditorAssemblies (0ms)
				RefreshPlugins (190ms)
				BeforeProcessingInitializeOnLoad (2ms)
				ProcessInitializeOnLoadAttributes (222ms)
				ProcessInitializeOnLoadMethodAttributes (99ms)
				AfterProcessingInitializeOnLoad (0ms)
				EditorAssembliesLoaded (0ms)
			ExecutionOrderSort2 (0ms)
			AwakeInstancesAfterBackupRestoration (0ms)
Platform modules already initialized, skipping
Registering precompiled user dll's ...
Registered in 0.016676 seconds.
Begin MonoManager ReloadAssembly
Symbol file LoadedFromMemory doesn't match image C:\Users\Rubens & Familía\Documents\GitHub\NatureAndSurvive\Library\PackageCache\com.unity.visualscripting@1.7.8\Editor\VisualScripting.Core\Dependencies\YamlDotNet\Unity.VisualScripting.YamlDotNet.dll
Symbol file LoadedFromMemory doesn't match image C:\Users\Rubens & Familía\Documents\GitHub\NatureAndSurvive\Library\PackageCache\com.unity.visualscripting@1.7.8\Editor\VisualScripting.Core\Dependencies\DotNetZip\Unity.VisualScripting.IonicZip.dll
Native extension for WindowsStandalone target not found
Refreshing native plugins compatible for Editor in 237.45 ms, found 3 plugins.
Preloading 0 native plugins for Editor in 0.00 ms.
Mono: successfully reloaded assembly
- Completed reload, in 12.624 seconds
Domain Reload Profiling:
	ReloadAssembly (12625ms)
		BeginReloadAssembly (214ms)
			ExecutionOrderSort (0ms)
			DisableScriptedObjects (10ms)
			BackupInstance (0ms)
			ReleaseScriptingObjects (0ms)
			CreateAndSetChildDomain (29ms)
		EndReloadAssembly (12010ms)
			LoadAssemblies (6753ms)
			RebuildTransferFunctionScriptingTraits (0ms)
			SetupTypeCache (1820ms)
			ReleaseScriptCaches (1ms)
			RebuildScriptCaches (106ms)
			SetupLoadedEditorAssemblies (3252ms)
				LogAssemblyErrors (0ms)
				InitializePlatformSupportModulesInManaged (9ms)
				SetLoadedEditorAssemblies (0ms)
				RefreshPlugins (238ms)
				BeforeProcessingInitializeOnLoad (242ms)
				ProcessInitializeOnLoadAttributes (804ms)
				ProcessInitializeOnLoadMethodAttributes (1941ms)
				AfterProcessingInitializeOnLoad (18ms)
				EditorAssembliesLoaded (0ms)
			ExecutionOrderSort2 (0ms)
			AwakeInstancesAfterBackupRestoration (22ms)
Platform modules already initialized, skipping
========================================================================
Worker process is ready to serve import requests
Launched and connected shader compiler UnityShaderCompiler.exe after 1.50 seconds
Refreshing native plugins compatible for Editor in 1.51 ms, found 3 plugins.
Preloading 0 native plugins for Editor in 0.00 ms.
Unloading 5091 Unused Serialized files (Serialized files now loaded: 0)
Unloading 40 unused Assets / (1.0 MB). Loaded Objects now: 5553.
Memory consumption went from 207.4 MB to 206.4 MB.
Total: 6.565600 ms (FindLiveObjects: 0.636500 ms CreateObjectMapping: 0.430600 ms MarkObjects: 4.915900 ms  DeleteObjects: 0.579900 ms)

AssetImportParameters requested are different than current active one (requested -> active):
  custom:video-decoder-ogg-theora: a1e56fd34408186e4bbccfd4996cb3dc -> 
  custom:container-muxer-webm: aa71ff27fc2769a1b78a27578f13a17b -> 
  custom:container-demuxer-webm: 4f35f7cbe854078d1ac9338744f61a02 -> 
  custom:video-encoder-webm-vp8: eb34c28f22e8b96e1ab97ce403110664 -> 
  custom:audio-encoder-webm-vorbis: bf7c407c2cedff20999df2af8eb42d56 -> 
  custom:framework-win-MediaFoundation: 216162199b28c13a410421893ffa2e32 -> 
  custom:container-demuxer-ogg: 62fdf1f143b41e24485cea50d1cbac27 -> 
  custom:video-decoder-webm-vp8: 9c59270c3fd7afecdb556c50c9e8de78 -> 
  custom:audio-decoder-ogg-vorbis: bf7c407c2cedff20999df2af8eb42d56 -> 
========================================================================
Received Import Request.
  Time since last request: 206272.277830 seconds.
  path: Assets/Textures/textures/fluid/Fluid_WaterDeep.png
  artifactKey: Guid(5b1ae6fb551cef6449d4dac7decb3636) Importer(815301076,1909f56bfc062723c751e8b465ee728b)
Start importing Assets/Textures/textures/fluid/Fluid_WaterDeep.png using Guid(5b1ae6fb551cef6449d4dac7decb3636) Importer(815301076,1909f56bfc062723c751e8b465ee728b)  -> (artifact id: '38dd37b33153bb60a90fc4dd96987468') in 0.648566 seconds 
========================================================================
Received Import Request.
  Time since last request: 0.000053 seconds.
  path: Assets/Textures/textures/tiles
  artifactKey: Guid(35179b5c84373f147bc8263c1be13763) Importer(815301076,1909f56bfc062723c751e8b465ee728b)
Start importing Assets/Textures/textures/tiles using Guid(35179b5c84373f147bc8263c1be13763) Importer(815301076,1909f56bfc062723c751e8b465ee728b)  -> (artifact id: '6599bcf64637acb402e10a6b682ca96b') in 0.048139 seconds 
========================================================================
Received Import Request.
  Time since last request: 177.611887 seconds.
  path: Assets/Textures/textures/tiles/Tiles_BlackStone.png
  artifactKey: Guid(cfef43d038a00cd46bebf81e11475ef3) Importer(815301076,1909f56bfc062723c751e8b465ee728b)
Start importing Assets/Textures/textures/tiles/Tiles_BlackStone.png using Guid(cfef43d038a00cd46bebf81e11475ef3) Importer(815301076,1909f56bfc062723c751e8b465ee728b)  -> (artifact id: 'f0656b30fb1c65455dbf4a62f64f093b') in 0.062725 seconds 
========================================================================
Received Import Request.
  Time since last request: 15.398172 seconds.
  path: Assets/Textures/textures/tiles/Tiles_BlackStone_Normalmap.png
  artifactKey: Guid(2a57c3ec6517a53469330c2a2cd14489) Importer(815301076,1909f56bfc062723c751e8b465ee728b)
Start importing Assets/Textures/textures/tiles/Tiles_BlackStone_Normalmap.png using Guid(2a57c3ec6517a53469330c2a2cd14489) Importer(815301076,1909f56bfc062723c751e8b465ee728b)  -> (artifact id: '5d9dfdb865adb7be406d9e38da99da0b') in 0.139913 seconds 
========================================================================
Received Import Request.
  Time since last request: 11.001215 seconds.
  path: Assets/Textures/textures/tiles/Tiles_DarkStone.png
  artifactKey: Guid(8e935d0116a6d4c47867100367e95217) Importer(815301076,1909f56bfc062723c751e8b465ee728b)
Start importing Assets/Textures/textures/tiles/Tiles_DarkStone.png using Guid(8e935d0116a6d4c47867100367e95217) Importer(815301076,1909f56bfc062723c751e8b465ee728b)  -> (artifact id: '98fb156191580429d37ab2c624fddb36') in 0.053527 seconds 
========================================================================
Received Import Request.
  Time since last request: 10.301250 seconds.
  path: Assets/Textures/textures/tiles/Tiles_RoundBricks.png
  artifactKey: Guid(295ba65cd1b0d2c469f2fb7957399885) Importer(815301076,1909f56bfc062723c751e8b465ee728b)
Start importing Assets/Textures/textures/tiles/Tiles_RoundBricks.png using Guid(295ba65cd1b0d2c469f2fb7957399885) Importer(815301076,1909f56bfc062723c751e8b465ee728b)  -> (artifact id: '21c8094ef572f0dc81c097a10f7819e3') in 0.060312 seconds 
========================================================================
Received Import Request.
  Time since last request: 12.033337 seconds.
  path: Assets/Textures/textures/tiles/Ground_ParallelStone_Normalmap.png
  artifactKey: Guid(f2732333f7e86ea4cbad16b279ce7b1d) Importer(815301076,1909f56bfc062723c751e8b465ee728b)
Start importing Assets/Textures/textures/tiles/Ground_ParallelStone_Normalmap.png using Guid(f2732333f7e86ea4cbad16b279ce7b1d) Importer(815301076,1909f56bfc062723c751e8b465ee728b)  -> (artifact id: '610fbc56ceedffa76ea27dbee8d1fb97') in 0.054045 seconds 
========================================================================
Received Import Request.
  Time since last request: 16.776258 seconds.
  path: Assets/Textures/textures/tiles/Tiles_DarkStone_Normalmap.png
  artifactKey: Guid(790155c5c58a8864dbd2527f4c46b428) Importer(815301076,1909f56bfc062723c751e8b465ee728b)
Start importing Assets/Textures/textures/tiles/Tiles_DarkStone_Normalmap.png using Guid(790155c5c58a8864dbd2527f4c46b428) Importer(815301076,1909f56bfc062723c751e8b465ee728b)  -> (artifact id: '8e67e258778e298b09b934db3418ef51') in 0.064199 seconds 
========================================================================
Received Import Request.
  Time since last request: 25.313131 seconds.
  path: Assets/Textures/textures/tiles/TIles_RoundStoneWithGrass.png
  artifactKey: Guid(2bbaae9d7148d63459084c7aaf5778e3) Importer(815301076,1909f56bfc062723c751e8b465ee728b)
Start importing Assets/Textures/textures/tiles/TIles_RoundStoneWithGrass.png using Guid(2bbaae9d7148d63459084c7aaf5778e3) Importer(815301076,1909f56bfc062723c751e8b465ee728b)  -> (artifact id: '96dea6049a758867bfe06547c372a31d') in 0.053234 seconds 
========================================================================
Received Import Request.
  Time since last request: 5.587218 seconds.
  path: Assets/Textures/textures/tiles/Tiles_RoundStoneWithGrass.png
  artifactKey: Guid(2bbaae9d7148d63459084c7aaf5778e3) Importer(815301076,1909f56bfc062723c751e8b465ee728b)
Start importing Assets/Textures/textures/tiles/Tiles_RoundStoneWithGrass.png using Guid(2bbaae9d7148d63459084c7aaf5778e3) Importer(815301076,1909f56bfc062723c751e8b465ee728b)  -> (artifact id: 'c54f1e4a658a27af17e3a83071bc289d') in 0.058530 seconds 
========================================================================
Received Import Request.
  Time since last request: 8.036092 seconds.
  path: Assets/Textures/textures/tiles/Tiles_OrnamentalBricks.png
  artifactKey: Guid(ea4e34129038250479dba1252b3c606e) Importer(815301076,1909f56bfc062723c751e8b465ee728b)
Start importing Assets/Textures/textures/tiles/Tiles_OrnamentalBricks.png using Guid(ea4e34129038250479dba1252b3c606e) Importer(815301076,1909f56bfc062723c751e8b465ee728b)  -> (artifact id: '450b3ed7b92d785f941abcd649931372') in 0.070562 seconds 
========================================================================
Received Import Request.
  Time since last request: 6.573620 seconds.
  path: Assets/Textures/textures/tiles/Tiles_OrnamentalBricks_Normalmap.png
  artifactKey: Guid(9998886c1eb85074b985e83d6eebb008) Importer(815301076,1909f56bfc062723c751e8b465ee728b)
Start importing Assets/Textures/textures/tiles/Tiles_OrnamentalBricks_Normalmap.png using Guid(9998886c1eb85074b985e83d6eebb008) Importer(815301076,1909f56bfc062723c751e8b465ee728b)  -> (artifact id: '459db32b03a7cc6e732e07edfdb795ed') in 0.073530 seconds 
========================================================================
Received Import Request.
  Time since last request: 45.233720 seconds.
  path: Assets/Textures/textures/tiles/Tiles_ParallelStone.png
  artifactKey: Guid(d7a221e1c92effb45a0e1654da103b5c) Importer(815301076,1909f56bfc062723c751e8b465ee728b)
Start importing Assets/Textures/textures/tiles/Tiles_ParallelStone.png using Guid(d7a221e1c92effb45a0e1654da103b5c) Importer(815301076,1909f56bfc062723c751e8b465ee728b)  -> (artifact id: '2f03c6479eea935ee8f9a0e707a04f57') in 0.076131 seconds 
========================================================================
Received Import Request.
  Time since last request: 5.899457 seconds.
  path: Assets/Textures/textures/tiles/Tiles_ParallelStone_Normalmap.png
  artifactKey: Guid(f2732333f7e86ea4cbad16b279ce7b1d) Importer(815301076,1909f56bfc062723c751e8b465ee728b)
Start importing Assets/Textures/textures/tiles/Tiles_ParallelStone_Normalmap.png using Guid(f2732333f7e86ea4cbad16b279ce7b1d) Importer(815301076,1909f56bfc062723c751e8b465ee728b)  -> (artifact id: '9429ab99ee90a1d481ae82c1728feaa9') in 0.095011 seconds 
========================================================================
Received Import Request.
  Time since last request: 7.765802 seconds.
  path: Assets/Textures/textures/tiles/Tiles_RoundBricks_Normalmap.png
  artifactKey: Guid(15afae1d314c71b44baba06448801b28) Importer(815301076,1909f56bfc062723c751e8b465ee728b)
Start importing Assets/Textures/textures/tiles/Tiles_RoundBricks_Normalmap.png using Guid(15afae1d314c71b44baba06448801b28) Importer(815301076,1909f56bfc062723c751e8b465ee728b)  -> (artifact id: '7b2a1ba17f230ae7cd0e76d76e3d7a21') in 0.066604 seconds 
========================================================================
Received Import Request.
  Time since last request: 120.742199 seconds.
  path: Assets/Textures/textures/tiles/Tiles_RoundStoneWithGrass_Normalmap.png
  artifactKey: Guid(cf4f59f88685e2a45bfb086ae4e04792) Importer(815301076,1909f56bfc062723c751e8b465ee728b)
Start importing Assets/Textures/textures/tiles/Tiles_RoundStoneWithGrass_Normalmap.png using Guid(cf4f59f88685e2a45bfb086ae4e04792) Importer(815301076,1909f56bfc062723c751e8b465ee728b)  -> (artifact id: '7b45e8bd13bd4ae28d12b64a99a244a9') in 0.083910 seconds 
========================================================================
Received Import Request.
  Time since last request: 8.738297 seconds.
  path: Assets/Textures/textures/tiles/Tiles_Stone.png
  artifactKey: Guid(dfa6ec2bbf6e8a0479fd68ccc55a0e29) Importer(815301076,1909f56bfc062723c751e8b465ee728b)
Start importing Assets/Textures/textures/tiles/Tiles_Stone.png using Guid(dfa6ec2bbf6e8a0479fd68ccc55a0e29) Importer(815301076,1909f56bfc062723c751e8b465ee728b)  -> (artifact id: '060822d5cc64ca46d6a95336496dce10') in 0.053941 seconds 
========================================================================
Received Import Request.
  Time since last request: 6.574973 seconds.
  path: Assets/Textures/textures/tiles/Tiles_Stone_Normalmap.png
  artifactKey: Guid(58c94b42e0b1bf744b56b180dc43a49c) Importer(815301076,1909f56bfc062723c751e8b465ee728b)
Start importing Assets/Textures/textures/tiles/Tiles_Stone_Normalmap.png using Guid(58c94b42e0b1bf744b56b180dc43a49c) Importer(815301076,1909f56bfc062723c751e8b465ee728b)  -> (artifact id: '84285e5df75af66f06fe9b14b5d9b788') in 0.065115 seconds 
========================================================================
Received Import Request.
  Time since last request: 5.808161 seconds.
  path: Assets/Textures/textures/tiles/Tiles_TilledSoil.png
  artifactKey: Guid(d5f6594c9e68de542ac2366fbefe680d) Importer(815301076,1909f56bfc062723c751e8b465ee728b)
Start importing Assets/Textures/textures/tiles/Tiles_TilledSoil.png using Guid(d5f6594c9e68de542ac2366fbefe680d) Importer(815301076,1909f56bfc062723c751e8b465ee728b)  -> (artifact id: '11ff2713df4e904b9f42487008c944de') in 0.056323 seconds 
========================================================================
Received Import Request.
  Time since last request: 8.165336 seconds.
  path: Assets/Textures/textures/tiles/Tiles_TilledSoil_Normalmap.png
  artifactKey: Guid(6cb37a18199147544a7db2ab058c114b) Importer(815301076,1909f56bfc062723c751e8b465ee728b)
Start importing Assets/Textures/textures/tiles/Tiles_TilledSoil_Normalmap.png using Guid(6cb37a18199147544a7db2ab058c114b) Importer(815301076,1909f56bfc062723c751e8b465ee728b)  -> (artifact id: 'd9ce44357a4c2b23020ff1f8a9c55ba8') in 0.066659 seconds 
========================================================================
Received Import Request.
  Time since last request: 50.081817 seconds.
  path: Assets/Environment/Terrain/__heightmap2.raw
  artifactKey: Guid(27f59fe878825c24690e1ce466316b75) Importer(815301076,1909f56bfc062723c751e8b465ee728b)
Start importing Assets/Environment/Terrain/__heightmap2.raw using Guid(27f59fe878825c24690e1ce466316b75) Importer(815301076,1909f56bfc062723c751e8b465ee728b)  -> (artifact id: 'f1e559febf247c6d1a66fb737e89804e') in 0.063213 seconds 
========================================================================
Received Import Request.
  Time since last request: 3.019641 seconds.
  path: Assets/Environment/Terrain/__heightmap.raw
  artifactKey: Guid(4d2511078159f74468d1d5ea13d6a455) Importer(815301076,1909f56bfc062723c751e8b465ee728b)
Start importing Assets/Environment/Terrain/__heightmap.raw using Guid(4d2511078159f74468d1d5ea13d6a455) Importer(815301076,1909f56bfc062723c751e8b465ee728b)  -> (artifact id: '395525c86d1eb4324e6428be9ff7a2f6') in 0.015211 seconds 
========================================================================
Received Import Request.
  Time since last request: 2.761693 seconds.
  path: Assets/Environment/Terrain/Layer.terrainlayer
  artifactKey: Guid(01ec95dec941be247a410571dc95425f) Importer(815301076,1909f56bfc062723c751e8b465ee728b)
Start importing Assets/Environment/Terrain/Layer.terrainlayer using Guid(01ec95dec941be247a410571dc95425f) Importer(815301076,1909f56bfc062723c751e8b465ee728b)  -> (artifact id: 'deba0efd7f129807fdaecfed634aacff') in 0.082477 seconds 
========================================================================
Received Import Request.
  Time since last request: 288.647332 seconds.
  path: Assets/Environment/Terrain/TextureLayer/Layer__Floor_BrickTiles.terrainlayer
  artifactKey: Guid(b25a6790ec3e4484185897ab85ebf22e) Importer(815301076,1909f56bfc062723c751e8b465ee728b)
Start importing Assets/Environment/Terrain/TextureLayer/Layer__Floor_BrickTiles.terrainlayer using Guid(b25a6790ec3e4484185897ab85ebf22e) Importer(815301076,1909f56bfc062723c751e8b465ee728b)  -> (artifact id: '33f5e8666d2767c080165ccbc57d7862') in 0.124077 seconds 
========================================================================
Received Import Request.
  Time since last request: 36.383403 seconds.
  path: Assets/Textures/textures/fluid/Fluid_WaterShallow.png
  artifactKey: Guid(5e0b031e1a604624fbc33a65e9a289b6) Importer(815301076,1909f56bfc062723c751e8b465ee728b)
Start importing Assets/Textures/textures/fluid/Fluid_WaterShallow.png using Guid(5e0b031e1a604624fbc33a65e9a289b6) Importer(815301076,1909f56bfc062723c751e8b465ee728b)  -> (artifact id: '9209127e080fe7922534b1b626910d56') in 0.108060 seconds 
========================================================================
Received Import Request.
  Time since last request: 31.127490 seconds.
  path: Assets/Environment/Terrain/TextureLayer/Layer__Ground_Flowers1.terrainlayer
  artifactKey: Guid(5c79f399f98cce74584593bd6cabcbf2) Importer(815301076,1909f56bfc062723c751e8b465ee728b)
Start importing Assets/Environment/Terrain/TextureLayer/Layer__Ground_Flowers1.terrainlayer using Guid(5c79f399f98cce74584593bd6cabcbf2) Importer(815301076,1909f56bfc062723c751e8b465ee728b)  -> (artifact id: 'cee34caa0990bfb9c6b85648f7472e80') in 0.183840 seconds 
========================================================================
Received Import Request.
  Time since last request: 23.135598 seconds.
  path: Assets/Environment/Terrain/TextureLayer/Layer__Ground_GrassSharp.terrainlayer
  artifactKey: Guid(8f0d7ac16749d274987b8988f917c8b0) Importer(815301076,1909f56bfc062723c751e8b465ee728b)
Start importing Assets/Environment/Terrain/TextureLayer/Layer__Ground_GrassSharp.terrainlayer using Guid(8f0d7ac16749d274987b8988f917c8b0) Importer(815301076,1909f56bfc062723c751e8b465ee728b)  -> (artifact id: '4ca5c6b9968ac3a5cc314321b78211ab') in 0.275130 seconds 
========================================================================
Received Import Request.
  Time since last request: 15.065160 seconds.
  path: Assets/Environment/Terrain/TextureLayer/Layer__Ground_Soil.terrainlayer
  artifactKey: Guid(88a738728bfad06408fdfe7ed4a8c458) Importer(815301076,1909f56bfc062723c751e8b465ee728b)
Start importing Assets/Environment/Terrain/TextureLayer/Layer__Ground_Soil.terrainlayer using Guid(88a738728bfad06408fdfe7ed4a8c458) Importer(815301076,1909f56bfc062723c751e8b465ee728b)  -> (artifact id: '55d28b181f688863a952b34ed8ed2baf') in 0.108175 seconds 
========================================================================
Received Import Request.
  Time since last request: 4.010962 seconds.
  path: Assets/Environment/Terrain/TextureLayer/Layer__Ground_Stone.terrainlayer
  artifactKey: Guid(ce10a8e7a20bdf6459408eae56650376) Importer(815301076,1909f56bfc062723c751e8b465ee728b)
Start importing Assets/Environment/Terrain/TextureLayer/Layer__Ground_Stone.terrainlayer using Guid(ce10a8e7a20bdf6459408eae56650376) Importer(815301076,1909f56bfc062723c751e8b465ee728b)  -> (artifact id: '04bc49fdc6eb43c4d96b13998b12cca0') in 0.076411 seconds 
